<?xml version="1.0" encoding="utf-8"?><testsuites name="pytest tests"><testsuite name="pytest" errors="0" failures="0" skipped="0" tests="16" time="44.092" timestamp="2026-05-24T14:26:30.268229+00:00" hostname="agent-env-e3cb48c2-5455-4164-9f84-59c17fc835f0"><testcase classname="backend.tests.backend_test" name="test_root" time="0.243" /><testcase classname="backend.tests.backend_test" name="test_list_news" time="0.070" /><testcase classname="backend.tests.backend_test" name="test_list_news_filter_category" time="0.047" /><testcase classname="backend.tests.backend_test" name="test_list_news_search" time="0.060" /><testcase classname="backend.tests.backend_test" name="test_trending" time="0.048" /><testcase classname="backend.tests.backend_test" name="test_get_article_and_view_increment" time="0.155" /><testcase classname="backend.tests.backend_test" name="test_get_article_404" time="0.046" /><testcase classname="backend.tests.backend_test" name="test_seed_idempotent" time="0.049" /><testcase classname="backend.tests.backend_test" name="test_comments_flow" time="0.199" /><testcase classname="backend.tests.backend_test" name="test_comment_default_nickname" time="0.100" /><testcase classname="backend.tests.backend_test" name="test_comment_article_not_found" time="0.047" /><testcase classname="backend.tests.backend_test" name="test_newsletter_subscribe_and_duplicate" time="0.106" /><testcase classname="backend.tests.backend_test" name="test_weekly_summary" time="0.045" /><testcase classname="backend.tests.backend_test" name="test_weekly_summary_refresh" time="9.165" /><testcase classname="backend.tests.backend_test" name="test_stats" time="0.054" /><testcase classname="backend.tests.backend_test" name="test_news_generate" time="33.501" /></testsuite></testsuites>